{"contracts/DatePolls.sol":{"l":{"23":21,"32":6,"34":5,"39":4,"41":4,"42":4,"43":4,"44":4,"45":4,"46":4,"48":4,"52":2,"54":1,"56":1,"60":1,"62":1,"64":1,"65":1,"67":1},"path":"/Users/michalrakoczy/Projects/voted-date/contracts/DatePolls.sol","s":{"1":21,"2":6,"3":5,"4":4,"5":4,"6":4,"7":4,"8":4,"9":4,"10":4,"11":4,"12":2,"13":1,"14":1,"15":1,"16":1,"17":1,"18":1,"19":1},"b":{"1":[5,1],"2":[4,1],"3":[1,1],"4":[1,0]},"f":{"1":21,"2":6,"3":2,"4":1,"5":0},"fnMap":{"1":{"name":"constructor","line":22,"loc":{"start":{"line":22,"column":4},"end":{"line":24,"column":4}}},"2":{"name":"addNewPoll","line":26,"loc":{"start":{"line":26,"column":4},"end":{"line":49,"column":4}}},"3":{"name":"getPollDataForVoter","line":51,"loc":{"start":{"line":51,"column":4},"end":{"line":57,"column":4}}},"4":{"name":"vote","line":59,"loc":{"start":{"line":59,"column":4},"end":{"line":68,"column":4}}},"5":{"name":null,"line":70,"loc":{"start":{"line":70,"column":4},"end":{"line":70,"column":25}}}},"statementMap":{"1":{"start":{"line":23,"column":8},"end":{"line":23,"column":45}},"2":{"start":{"line":32,"column":8},"end":{"line":32,"column":85}},"3":{"start":{"line":34,"column":8},"end":{"line":34,"column":808}},"4":{"start":{"line":39,"column":8},"end":{"line":39,"column":58}},"5":{"start":{"line":41,"column":8},"end":{"line":41,"column":27}},"6":{"start":{"line":42,"column":8},"end":{"line":42,"column":31}},"7":{"start":{"line":43,"column":8},"end":{"line":43,"column":59}},"8":{"start":{"line":44,"column":8},"end":{"line":44,"column":32}},"9":{"start":{"line":45,"column":8},"end":{"line":45,"column":46}},"10":{"start":{"line":46,"column":8},"end":{"line":46,"column":49}},"11":{"start":{"line":48,"column":8},"end":{"line":48,"column":67}},"12":{"start":{"line":52,"column":8},"end":{"line":52,"column":84}},"13":{"start":{"line":54,"column":8},"end":{"line":54,"column":55}},"14":{"start":{"line":56,"column":8},"end":{"line":56,"column":54}},"15":{"start":{"line":60,"column":8},"end":{"line":60,"column":84}},"16":{"start":{"line":62,"column":8},"end":{"line":62,"column":55}},"17":{"start":{"line":64,"column":8},"end":{"line":64,"column":70}},"18":{"start":{"line":65,"column":8},"end":{"line":65,"column":48}},"19":{"start":{"line":67,"column":8},"end":{"line":67,"column":43}}},"branchMap":{"1":{"line":32,"type":"if","locations":[{"start":{"line":32,"column":8},"end":{"line":32,"column":8}},{"start":{"line":32,"column":8},"end":{"line":32,"column":8}}]},"2":{"line":34,"type":"if","locations":[{"start":{"line":34,"column":8},"end":{"line":34,"column":8}},{"start":{"line":34,"column":8},"end":{"line":34,"column":8}}]},"3":{"line":52,"type":"if","locations":[{"start":{"line":52,"column":8},"end":{"line":52,"column":8}},{"start":{"line":52,"column":8},"end":{"line":52,"column":8}}]},"4":{"line":60,"type":"if","locations":[{"start":{"line":60,"column":8},"end":{"line":60,"column":8}},{"start":{"line":60,"column":8},"end":{"line":60,"column":8}}]}}}}